# Logfile created on 2014-10-14 09:03:37 -0700 by logger.rb/1.2.8
D, [2014-10-14T09:03:37.574816 #7589] DEBUG -- : cfg = {"flickr_access_token"=>"", "flickr_access_secret"=>"", "flickr_key"=>"43a70f5d4808c144d291063ecdde708c", "flickr_shared_secret"=>"d4d1efb1dacedc63", "ig_access_token"=>"31741931.b50309e.89d851a802584fd997e8eda4c1585234", "ig_client_id"=>"b50309e7a8004d8988fec71cd145bfdc"}
D, [2014-10-14T09:03:37.576402 #7589] DEBUG -- : ig token: 31741931.b50309e.89d851a802584fd997e8eda4c1585234
D, [2014-10-14T09:03:37.576748 #7589] DEBUG -- : making a first attempt
D, [2014-10-14T09:03:44.312746 #7589] DEBUG -- : media is {"attribution"=>nil, "tags"=>[], "type"=>"image", "location"=>nil, "comments"=>{"count"=>0, "data"=>[]}, "filter"=>"Amaro", "created_time"=>"1412723049", "link"=>"http://instagram.com/p/t3nnW4njAR/", "likes"=>{"count"=>5, "data"=>[{"username"=>"ktmc21", "profile_picture"=>"http://images.ak.instagram.com/profiles/profile_30636753_75sq_1368854804.jpg", "id"=>"30636753", "full_name"=>"ktmc21"}, {"username"=>"christinepechette", "profile_picture"=>"http://images.ak.instagram.com/profiles/profile_4502074_75sq_1359174642.jpg", "id"=>"4502074", "full_name"=>"Christine"}, {"username"=>"sschroeds", "profile_picture"=>"http://photos-g.ak.instagram.com/hphotos-ak-xap1/10369498_248168922048966_439077502_a.jpg", "id"=>"18657323", "full_name"=>"Sarah Schroeder Conde"}, {"username"=>"mslilms", "profile_picture"=>"http://photos-g.ak.instagram.com/hphotos-ak-xaf1/10570134_769716166405454_1712669405_a.jpg", "id"=>"19185726", "full_name"=>"mslilms"}]}, "images"=>{"low_resolution"=>{"url"=>"http://scontent-b.cdninstagram.com/hphotos-xaf1/t51.2885-15/914397_1495491587369883_1105358917_a.jpg", "width"=>306, "height"=>306}, "thumbnail"=>{"url"=>"http://scontent-b.cdninstagram.com/hphotos-xaf1/t51.2885-15/914397_1495491587369883_1105358917_s.jpg", "width"=>150, "height"=>150}, "standard_resolution"=>{"url"=>"http://scontent-b.cdninstagram.com/hphotos-xaf1/t51.2885-15/914397_1495491587369883_1105358917_n.jpg", "width"=>640, "height"=>640}}, "users_in_photo"=>[], "caption"=>{"created_time"=>"1412723049", "text"=>"This is a double barreled sunflower that I made. From a seed, peasants.", "from"=>{"username"=>"gxrobillard", "profile_picture"=>"http://images.ak.instagram.com/profiles/profile_31741931_75sq_1334701202.jpg", "id"=>"31741931", "full_name"=>"G. Xavier Robillard"}, "id"=>"826303285443833921"}, "user_has_liked"=>false, "id"=>"826303285091512337_31741931", "user"=>{"username"=>"gxrobillard", "website"=>"", "profile_picture"=>"http://images.ak.instagram.com/profiles/profile_31741931_75sq_1334701202.jpg", "full_name"=>"G. Xavier Robillard", "bio"=>"", "id"=>"31741931"}}
D, [2014-10-14T09:03:44.313204 #7589] DEBUG -- : Error with PhotoPoster: undefined method `each' for nil:NilClass
D, [2014-10-14T09:03:44.313545 #7589] DEBUG -- : print out backtrace: ["/Users/gregrobillard/script/lemonade/lib/photo_poster.rb:38:in `block in run'", "/Users/gregrobillard/script/lemonade/lib/photo_poster.rb:37:in `each'", "/Users/gregrobillard/script/lemonade/lib/photo_poster.rb:37:in `run'", "photo_daemon.rb:23:in `block in <main>'", "/Users/gregrobillard/.rvm/gems/ruby-2.0.0-p481/gems/daemons-1.1.9/lib/daemons/application.rb:255:in `call'", "/Users/gregrobillard/.rvm/gems/ruby-2.0.0-p481/gems/daemons-1.1.9/lib/daemons/application.rb:255:in `block in start_proc'", "/Users/gregrobillard/.rvm/gems/ruby-2.0.0-p481/gems/daemons-1.1.9/lib/daemons/daemonize.rb:82:in `call'", "/Users/gregrobillard/.rvm/gems/ruby-2.0.0-p481/gems/daemons-1.1.9/lib/daemons/daemonize.rb:82:in `call_as_daemon'", "/Users/gregrobillard/.rvm/gems/ruby-2.0.0-p481/gems/daemons-1.1.9/lib/daemons/application.rb:259:in `start_proc'", "/Users/gregrobillard/.rvm/gems/ruby-2.0.0-p481/gems/daemons-1.1.9/lib/daemons/application.rb:296:in `start'", "/Users/gregrobillard/.rvm/gems/ruby-2.0.0-p481/gems/daemons-1.1.9/lib/daemons/controller.rb:70:in `run'", "/Users/gregrobillard/.rvm/gems/ruby-2.0.0-p481/gems/daemons-1.1.9/lib/daemons.rb:197:in `block in run_proc'", "/Users/gregrobillard/.rvm/gems/ruby-2.0.0-p481/gems/daemons-1.1.9/lib/daemons/cmdline.rb:109:in `call'", "/Users/gregrobillard/.rvm/gems/ruby-2.0.0-p481/gems/daemons-1.1.9/lib/daemons/cmdline.rb:109:in `catch_exceptions'", "/Users/gregrobillard/.rvm/gems/ruby-2.0.0-p481/gems/daemons-1.1.9/lib/daemons.rb:196:in `run_proc'", "photo_daemon.rb:8:in `<main>'"]
D, [2014-10-14T09:07:12.378805 #7614] DEBUG -- : cfg = {"flickr_access_token"=>"", "flickr_access_secret"=>"", "flickr_key"=>"43a70f5d4808c144d291063ecdde708c", "flickr_shared_secret"=>"d4d1efb1dacedc63", "ig_access_token"=>"31741931.b50309e.89d851a802584fd997e8eda4c1585234", "ig_client_id"=>"b50309e7a8004d8988fec71cd145bfdc"}
D, [2014-10-14T09:07:12.379725 #7614] DEBUG -- : ig token: 31741931.b50309e.89d851a802584fd997e8eda4c1585234
D, [2014-10-14T09:07:12.380070 #7614] DEBUG -- : making a first attempt
D, [2014-10-14T09:07:17.198913 #7614] DEBUG -- : media is {"attribution"=>nil, "tags"=>[], "type"=>"image", "location"=>nil, "comments"=>{"count"=>0, "data"=>[]}, "filter"=>"Amaro", "created_time"=>"1412723049", "link"=>"http://instagram.com/p/t3nnW4njAR/", "likes"=>{"count"=>5, "data"=>[{"username"=>"ktmc21", "profile_picture"=>"http://images.ak.instagram.com/profiles/profile_30636753_75sq_1368854804.jpg", "id"=>"30636753", "full_name"=>"ktmc21"}, {"username"=>"christinepechette", "profile_picture"=>"http://images.ak.instagram.com/profiles/profile_4502074_75sq_1359174642.jpg", "id"=>"4502074", "full_name"=>"Christine"}, {"username"=>"sschroeds", "profile_picture"=>"http://photos-g.ak.instagram.com/hphotos-ak-xap1/10369498_248168922048966_439077502_a.jpg", "id"=>"18657323", "full_name"=>"Sarah Schroeder Conde"}, {"username"=>"mslilms", "profile_picture"=>"http://photos-g.ak.instagram.com/hphotos-ak-xaf1/10570134_769716166405454_1712669405_a.jpg", "id"=>"19185726", "full_name"=>"mslilms"}]}, "images"=>{"low_resolution"=>{"url"=>"http://scontent-b.cdninstagram.com/hphotos-xaf1/t51.2885-15/914397_1495491587369883_1105358917_a.jpg", "width"=>306, "height"=>306}, "thumbnail"=>{"url"=>"http://scontent-b.cdninstagram.com/hphotos-xaf1/t51.2885-15/914397_1495491587369883_1105358917_s.jpg", "width"=>150, "height"=>150}, "standard_resolution"=>{"url"=>"http://scontent-b.cdninstagram.com/hphotos-xaf1/t51.2885-15/914397_1495491587369883_1105358917_n.jpg", "width"=>640, "height"=>640}}, "users_in_photo"=>[], "caption"=>{"created_time"=>"1412723049", "text"=>"This is a double barreled sunflower that I made. From a seed, peasants.", "from"=>{"username"=>"gxrobillard", "profile_picture"=>"http://images.ak.instagram.com/profiles/profile_31741931_75sq_1334701202.jpg", "id"=>"31741931", "full_name"=>"G. Xavier Robillard"}, "id"=>"826303285443833921"}, "user_has_liked"=>false, "id"=>"826303285091512337_31741931", "user"=>{"username"=>"gxrobillard", "website"=>"", "profile_picture"=>"http://images.ak.instagram.com/profiles/profile_31741931_75sq_1334701202.jpg", "full_name"=>"G. Xavier Robillard", "bio"=>"", "id"=>"31741931"}}
D, [2014-10-14T09:07:17.199613 #7614] DEBUG -- : media json is: 826303285091512337_31741931
D, [2014-10-14T09:07:17.200186 #7614] DEBUG -- : media json is: 811255597241348687_31741931
D, [2014-10-14T09:07:17.200647 #7614] DEBUG -- : media json is: 810346144459534668_31741931
D, [2014-10-14T09:07:17.201095 #7614] DEBUG -- : media json is: 810271022990111445_31741931
D, [2014-10-14T09:07:17.201533 #7614] DEBUG -- : media json is: 807917729550840378_31741931
D, [2014-10-14T09:07:17.201979 #7614] DEBUG -- : media json is: 807259961441530349_31741931
D, [2014-10-14T09:07:17.202419 #7614] DEBUG -- : media json is: 805897814996300720_31741931
D, [2014-10-14T09:07:17.202840 #7614] DEBUG -- : media json is: 803954071804195132_31741931
D, [2014-10-14T09:07:17.203294 #7614] DEBUG -- : media json is: 803782834410894044_31741931
D, [2014-10-14T09:07:17.203682 #7614] DEBUG -- : media json is: 803779963502080642_31741931
D, [2014-10-14T09:07:17.204091 #7614] DEBUG -- : media json is: 800340952620085688_31741931
D, [2014-10-14T09:07:17.204537 #7614] DEBUG -- : media json is: 800339921995706789_31741931
D, [2014-10-14T09:07:17.204946 #7614] DEBUG -- : media json is: 800339027602321816_31741931
D, [2014-10-14T09:07:17.205454 #7614] DEBUG -- : media json is: 800336123776610669_31741931
D, [2014-10-14T09:07:17.205905 #7614] DEBUG -- : media json is: 800320386714447905_31741931
D, [2014-10-14T09:07:17.206329 #7614] DEBUG -- : media json is: 800319622646476817_31741931
D, [2014-10-14T09:07:17.206758 #7614] DEBUG -- : media json is: 800318968729317385_31741931
D, [2014-10-14T09:07:17.207159 #7614] DEBUG -- : media json is: 800318542680306684_31741931
D, [2014-10-14T09:07:17.207636 #7614] DEBUG -- : media json is: 800314167324980125_31741931
D, [2014-10-14T09:07:17.208155 #7614] DEBUG -- : media json is: 794493711497965760_31741931
D, [2014-10-14T09:12:34.171225 #7645] DEBUG -- : cfg = {"flickr_access_token"=>"", "flickr_access_secret"=>"", "flickr_key"=>"43a70f5d4808c144d291063ecdde708c", "flickr_shared_secret"=>"d4d1efb1dacedc63", "ig_access_token"=>"31741931.b50309e.89d851a802584fd997e8eda4c1585234", "ig_client_id"=>"b50309e7a8004d8988fec71cd145bfdc"}
D, [2014-10-14T09:12:34.172161 #7645] DEBUG -- : ig token: 31741931.b50309e.89d851a802584fd997e8eda4c1585234
D, [2014-10-14T09:12:34.172496 #7645] DEBUG -- : making a first attempt
D, [2014-10-14T09:12:39.425377 #7645] DEBUG -- : Like count is : 5
D, [2014-10-14T09:12:39.425773 #7645] DEBUG -- : Payload is @payload
D, [2014-10-14T09:12:39.426296 #7645] DEBUG -- : Like count is : 7
D, [2014-10-14T09:12:39.426577 #7645] DEBUG -- : Payload is @payload
D, [2014-10-14T09:12:39.427016 #7645] DEBUG -- : Like count is : 4
D, [2014-10-14T09:12:39.427285 #7645] DEBUG -- : Payload is @payload
D, [2014-10-14T09:12:39.427720 #7645] DEBUG -- : Like count is : 5
D, [2014-10-14T09:12:39.427986 #7645] DEBUG -- : Payload is @payload
D, [2014-10-14T09:12:39.428419 #7645] DEBUG -- : Like count is : 3
D, [2014-10-14T09:12:39.428684 #7645] DEBUG -- : Payload is @payload
D, [2014-10-14T09:12:39.429116 #7645] DEBUG -- : Like count is : 4
D, [2014-10-14T09:12:39.429390 #7645] DEBUG -- : Payload is @payload
D, [2014-10-14T09:12:39.430046 #7645] DEBUG -- : Like count is : 3
D, [2014-10-14T09:12:39.430491 #7645] DEBUG -- : Payload is @payload
D, [2014-10-14T09:12:39.430965 #7645] DEBUG -- : Like count is : 2
D, [2014-10-14T09:12:39.431392 #7645] DEBUG -- : Like count is : 2
D, [2014-10-14T09:12:39.431787 #7645] DEBUG -- : Like count is : 0
D, [2014-10-14T09:12:39.432190 #7645] DEBUG -- : Like count is : 2
D, [2014-10-14T09:12:39.432633 #7645] DEBUG -- : Like count is : 4
D, [2014-10-14T09:12:39.432897 #7645] DEBUG -- : Payload is @payload
D, [2014-10-14T09:12:39.433300 #7645] DEBUG -- : Like count is : 1
D, [2014-10-14T09:12:39.433835 #7645] DEBUG -- : Like count is : 4
D, [2014-10-14T09:12:39.434124 #7645] DEBUG -- : Payload is @payload
D, [2014-10-14T09:12:39.434558 #7645] DEBUG -- : Like count is : 8
D, [2014-10-14T09:12:39.434840 #7645] DEBUG -- : Payload is @payload
D, [2014-10-14T09:12:39.435239 #7645] DEBUG -- : Like count is : 2
D, [2014-10-14T09:12:39.435670 #7645] DEBUG -- : Like count is : 1
D, [2014-10-14T09:12:39.436073 #7645] DEBUG -- : Like count is : 0
D, [2014-10-14T09:12:39.436517 #7645] DEBUG -- : Like count is : 5
D, [2014-10-14T09:12:39.436779 #7645] DEBUG -- : Payload is @payload
D, [2014-10-14T09:12:39.437225 #7645] DEBUG -- : Like count is : 5
D, [2014-10-14T09:12:39.437490 #7645] DEBUG -- : Payload is @payload
D, [2014-10-14T09:15:00.206408 #7663] DEBUG -- : cfg = {"flickr_access_token"=>"", "flickr_access_secret"=>"", "flickr_key"=>"43a70f5d4808c144d291063ecdde708c", "flickr_shared_secret"=>"d4d1efb1dacedc63", "ig_access_token"=>"31741931.b50309e.89d851a802584fd997e8eda4c1585234", "ig_client_id"=>"b50309e7a8004d8988fec71cd145bfdc"}
D, [2014-10-14T09:15:00.207311 #7663] DEBUG -- : ig token: 31741931.b50309e.89d851a802584fd997e8eda4c1585234
D, [2014-10-14T09:15:00.207815 #7663] DEBUG -- : making a first attempt
D, [2014-10-14T09:15:05.471318 #7663] DEBUG -- : Like count is : 5
D, [2014-10-14T09:15:05.471723 #7663] DEBUG -- : Payload is {"caption"=>"This is a double barreled sunflower that I made. From a seed, peasants.", "photo_url"=>"http://scontent-b.cdninstagram.com/hphotos-xaf1/t51.2885-15/914397_1495491587369883_1105358917_n.jpg", "title"=>"gxrobillard_1412723049"}
D, [2014-10-14T09:15:05.474145 #7663] DEBUG -- : Like count is : 7
D, [2014-10-14T09:15:05.474525 #7663] DEBUG -- : Payload is {"caption"=>"Con Los dos Diegos. @timbersfc contra CD Olimpia, Liga de campeones. #rctid", "photo_url"=>"http://scontent-a.cdninstagram.com/hphotos-xaf1/t51.2885-15/10654929_1465814620373387_668183418_n.jpg", "title"=>"gxrobillard_1410929225"}
D, [2014-10-14T09:15:05.474977 #7663] DEBUG -- : Like count is : 4
D, [2014-10-14T09:15:05.475258 #7663] DEBUG -- : Payload is {"caption"=>"Substitute teacher at Sunnyside environmental school, #pdx #lazycanineworkforce", "photo_url"=>"http://scontent-b.cdninstagram.com/hphotos-xaf1/t51.2885-15/10623858_1501302870113678_647527716_n.jpg", "title"=>"gxrobillard_1410820809"}
D, [2014-10-14T09:15:05.475700 #7663] DEBUG -- : Like count is : 5
D, [2014-10-14T09:15:05.475988 #7663] DEBUG -- : Payload is {"caption"=>"The Monstrosity from #brunchbox. 2 patties, 4 slices bacon, with grilled cheese sandwiches as buns. I ate all the animals. #pdx #freegluten", "photo_url"=>"http://scontent-a.cdninstagram.com/hphotos-xaf1/t51.2885-15/10576075_386267374857796_437589966_n.jpg", "title"=>"gxrobillard_1410811854"}
D, [2014-10-14T09:15:05.476459 #7663] DEBUG -- : Like count is : 3
D, [2014-10-14T09:15:05.476750 #7663] DEBUG -- : Payload is {"caption"=>"Downtown Portland, #daymoon", "photo_url"=>"http://scontent-a.cdninstagram.com/hphotos-xaf1/t51.2885-15/10617067_310052389195913_1861998223_n.jpg", "title"=>"gxrobillard_1410531320"}
D, [2014-10-14T09:15:05.477188 #7663] DEBUG -- : Like count is : 4
D, [2014-10-14T09:15:05.477478 #7663] DEBUG -- : Payload is {"caption"=>"\"September 11th is the best day!\" I said to my son, because it's his seventh birthday. So what I'm saying is, fuck terrorism. #peace", "photo_url"=>"http://scontent-b.cdninstagram.com/hphotos-xap1/t51.2885-15/10538733_291279037744184_1200625940_n.jpg", "title"=>"gxrobillard_1410452908"}
D, [2014-10-14T09:15:05.477910 #7663] DEBUG -- : Like count is : 3
D, [2014-10-14T09:15:05.478186 #7663] DEBUG -- : Payload is {"caption"=>"Favorite #pdx coffee shop. Cheap, delicious espresso in a room slightly wider than Instagram.", "photo_url"=>"http://scontent-b.cdninstagram.com/hphotos-xaf1/t51.2885-15/10684005_665517930210322_355875356_n.jpg", "title"=>"gxrobillard_1410290527"}
D, [2014-10-14T09:15:05.478824 #7663] DEBUG -- : Like count is : 2
D, [2014-10-14T09:15:05.479492 #7663] DEBUG -- : Like count is : 2
D, [2014-10-14T09:15:05.479906 #7663] DEBUG -- : Like count is : 0
D, [2014-10-14T09:15:05.480331 #7663] DEBUG -- : Like count is : 2
D, [2014-10-14T09:15:05.480777 #7663] DEBUG -- : Like count is : 4
D, [2014-10-14T09:15:05.481070 #7663] DEBUG -- : Payload is {"caption"=>"Grants Pass #oregon is really into building murals. And bears. And murals of bears.", "photo_url"=>"http://scontent-a.cdninstagram.com/hphotos-xaf1/t51.2885-15/10617180_519620071515293_603996529_n.jpg", "title"=>"gxrobillard_1409627975"}
D, [2014-10-14T09:15:05.481479 #7663] DEBUG -- : Like count is : 1
D, [2014-10-14T09:15:05.482043 #7663] DEBUG -- : Like count is : 4
D, [2014-10-14T09:15:05.482346 #7663] DEBUG -- : Payload is {"caption"=>"Grants Pass, #oregon. Lupitas' burritos destroys anything in Portland. Sorry, Titos.", "photo_url"=>"http://scontent-a.cdninstagram.com/hphotos-xaf1/t51.2885-15/10632375_894652417229765_1072992007_n.jpg", "title"=>"gxrobillard_1409627522"}
D, [2014-10-14T09:15:05.482797 #7663] DEBUG -- : Like count is : 8
D, [2014-10-14T09:15:05.483074 #7663] DEBUG -- : Payload is {"caption"=>"Crater Lake NP. #brothers #oregon", "photo_url"=>"http://scontent-a.cdninstagram.com/hphotos-xaf1/t51.2885-15/10643845_282194951988083_780062849_n.jpg", "title"=>"gxrobillard_1409625646"}
D, [2014-10-14T09:15:05.483495 #7663] DEBUG -- : Like count is : 2
D, [2014-10-14T09:15:05.483935 #7663] DEBUG -- : Like count is : 1
D, [2014-10-14T09:15:05.484312 #7663] DEBUG -- : Like count is : 0
D, [2014-10-14T09:15:05.484767 #7663] DEBUG -- : Like count is : 5
D, [2014-10-14T09:15:05.485055 #7663] DEBUG -- : Payload is {"caption"=>"Nothing but blue! Crater Lake, #oregon", "photo_url"=>"http://scontent-b.cdninstagram.com/hphotos-xaf1/t51.2885-15/10684306_533454846788134_1117450166_n.jpg", "title"=>"gxrobillard_1409624905"}
D, [2014-10-14T09:15:05.485476 #7663] DEBUG -- : Like count is : 5
D, [2014-10-14T09:15:05.485764 #7663] DEBUG -- : Payload is {"caption"=>"Pre-gaming the @timbersfc match at Brunch Box, Stark St food carts, #portland", "photo_url"=>"http://scontent-a.cdninstagram.com/hphotos-xaf1/t51.2885-15/10268742_557497294377189_509310069_n.jpg", "title"=>"gxrobillard_1408931052"}
D, [2014-10-14T09:33:24.050412 #7781] DEBUG -- : making a first attempt
D, [2014-10-14T09:33:24.775376 #7781] DEBUG -- : Like count is : 5
D, [2014-10-14T09:33:24.775886 #7781] DEBUG -- : Payload is {"caption"=>"This is a double barreled sunflower that I made. From a seed, peasants.", "photo_url"=>"http://scontent-b.cdninstagram.com/hphotos-xaf1/t51.2885-15/914397_1495491587369883_1105358917_n.jpg", "title"=>"gxrobillard_1412723049"}
D, [2014-10-14T09:33:25.202827 #7781] DEBUG -- : Path is photo_path
D, [2014-10-14T09:33:26.530580 #7781] DEBUG -- : Like count is : 7
D, [2014-10-14T09:33:26.530985 #7781] DEBUG -- : Payload is {"caption"=>"Con Los dos Diegos. @timbersfc contra CD Olimpia, Liga de campeones. #rctid", "photo_url"=>"http://scontent-a.cdninstagram.com/hphotos-xaf1/t51.2885-15/10654929_1465814620373387_668183418_n.jpg", "title"=>"gxrobillard_1410929225"}
D, [2014-10-14T09:33:26.877898 #7781] DEBUG -- : Path is photo_path
D, [2014-10-14T09:33:26.878488 #7781] DEBUG -- : Like count is : 4
D, [2014-10-14T09:33:26.878786 #7781] DEBUG -- : Payload is {"caption"=>"Substitute teacher at Sunnyside environmental school, #pdx #lazycanineworkforce", "photo_url"=>"http://scontent-b.cdninstagram.com/hphotos-xaf1/t51.2885-15/10623858_1501302870113678_647527716_n.jpg", "title"=>"gxrobillard_1410820809"}
D, [2014-10-14T09:33:27.247194 #7781] DEBUG -- : Path is photo_path
D, [2014-10-14T09:33:27.248040 #7781] DEBUG -- : Like count is : 5
D, [2014-10-14T09:33:27.248406 #7781] DEBUG -- : Payload is {"caption"=>"The Monstrosity from #brunchbox. 2 patties, 4 slices bacon, with grilled cheese sandwiches as buns. I ate all the animals. #pdx #freegluten", "photo_url"=>"http://scontent-a.cdninstagram.com/hphotos-xaf1/t51.2885-15/10576075_386267374857796_437589966_n.jpg", "title"=>"gxrobillard_1410811854"}
D, [2014-10-14T09:33:27.640188 #7781] DEBUG -- : Path is photo_path
D, [2014-10-14T09:33:27.640756 #7781] DEBUG -- : Like count is : 3
D, [2014-10-14T09:33:27.641051 #7781] DEBUG -- : Payload is {"caption"=>"Downtown Portland, #daymoon", "photo_url"=>"http://scontent-a.cdninstagram.com/hphotos-xaf1/t51.2885-15/10617067_310052389195913_1861998223_n.jpg", "title"=>"gxrobillard_1410531320"}
D, [2014-10-14T09:33:27.924595 #7781] DEBUG -- : Path is photo_path
D, [2014-10-14T09:33:27.925285 #7781] DEBUG -- : Like count is : 4
D, [2014-10-14T09:33:27.925625 #7781] DEBUG -- : Payload is {"caption"=>"\"September 11th is the best day!\" I said to my son, because it's his seventh birthday. So what I'm saying is, fuck terrorism. #peace", "photo_url"=>"http://scontent-b.cdninstagram.com/hphotos-xap1/t51.2885-15/10538733_291279037744184_1200625940_n.jpg", "title"=>"gxrobillard_1410452908"}
D, [2014-10-14T09:33:28.329883 #7781] DEBUG -- : Path is photo_path
D, [2014-10-14T09:33:28.330530 #7781] DEBUG -- : Like count is : 3
D, [2014-10-14T09:33:28.330854 #7781] DEBUG -- : Payload is {"caption"=>"Favorite #pdx coffee shop. Cheap, delicious espresso in a room slightly wider than Instagram.", "photo_url"=>"http://scontent-b.cdninstagram.com/hphotos-xaf1/t51.2885-15/10684005_665517930210322_355875356_n.jpg", "title"=>"gxrobillard_1410290527"}
D, [2014-10-14T09:33:28.727009 #7781] DEBUG -- : Path is photo_path
D, [2014-10-14T09:33:28.727811 #7781] DEBUG -- : Like count is : 2
D, [2014-10-14T09:33:28.728406 #7781] DEBUG -- : Like count is : 2
D, [2014-10-14T09:33:28.729023 #7781] DEBUG -- : Like count is : 0
D, [2014-10-14T09:33:28.729677 #7781] DEBUG -- : Like count is : 2
D, [2014-10-14T09:33:28.730302 #7781] DEBUG -- : Like count is : 4
D, [2014-10-14T09:33:28.730672 #7781] DEBUG -- : Payload is {"caption"=>"Grants Pass #oregon is really into building murals. And bears. And murals of bears.", "photo_url"=>"http://scontent-a.cdninstagram.com/hphotos-xaf1/t51.2885-15/10617180_519620071515293_603996529_n.jpg", "title"=>"gxrobillard_1409627975"}
D, [2014-10-14T09:33:29.070668 #7781] DEBUG -- : Path is photo_path
D, [2014-10-14T09:33:29.071597 #7781] DEBUG -- : Like count is : 1
D, [2014-10-14T09:33:29.072481 #7781] DEBUG -- : Like count is : 4
D, [2014-10-14T09:33:29.072998 #7781] DEBUG -- : Payload is {"caption"=>"Grants Pass, #oregon. Lupitas' burritos destroys anything in Portland. Sorry, Titos.", "photo_url"=>"http://scontent-a.cdninstagram.com/hphotos-xaf1/t51.2885-15/10632375_894652417229765_1072992007_n.jpg", "title"=>"gxrobillard_1409627522"}
D, [2014-10-14T09:33:29.519882 #7781] DEBUG -- : Path is photo_path
D, [2014-10-14T09:33:29.520545 #7781] DEBUG -- : Like count is : 8
D, [2014-10-14T09:33:29.520872 #7781] DEBUG -- : Payload is {"caption"=>"Crater Lake NP. #brothers #oregon", "photo_url"=>"http://scontent-a.cdninstagram.com/hphotos-xaf1/t51.2885-15/10643845_282194951988083_780062849_n.jpg", "title"=>"gxrobillard_1409625646"}
D, [2014-10-14T09:33:30.003981 #7781] DEBUG -- : Path is photo_path
D, [2014-10-14T09:33:30.004557 #7781] DEBUG -- : Like count is : 2
D, [2014-10-14T09:33:30.005016 #7781] DEBUG -- : Like count is : 1
D, [2014-10-14T09:33:30.005417 #7781] DEBUG -- : Like count is : 0
D, [2014-10-14T09:33:30.005890 #7781] DEBUG -- : Like count is : 5
D, [2014-10-14T09:33:30.006175 #7781] DEBUG -- : Payload is {"caption"=>"Nothing but blue! Crater Lake, #oregon", "photo_url"=>"http://scontent-b.cdninstagram.com/hphotos-xaf1/t51.2885-15/10684306_533454846788134_1117450166_n.jpg", "title"=>"gxrobillard_1409624905"}
D, [2014-10-14T09:33:30.438452 #7781] DEBUG -- : Path is photo_path
D, [2014-10-14T09:33:30.439474 #7781] DEBUG -- : Like count is : 5
D, [2014-10-14T09:33:30.440017 #7781] DEBUG -- : Payload is {"caption"=>"Pre-gaming the @timbersfc match at Brunch Box, Stark St food carts, #portland", "photo_url"=>"http://scontent-a.cdninstagram.com/hphotos-xaf1/t51.2885-15/10268742_557497294377189_509310069_n.jpg", "title"=>"gxrobillard_1408931052"}
D, [2014-10-14T09:33:30.873553 #7781] DEBUG -- : Path is photo_path
D, [2014-10-14T09:34:08.990568 #7793] DEBUG -- : making a first attempt
D, [2014-10-14T09:34:10.059124 #7793] DEBUG -- : Like count is : 5
D, [2014-10-14T09:34:10.059536 #7793] DEBUG -- : Payload is {"caption"=>"This is a double barreled sunflower that I made. From a seed, peasants.", "photo_url"=>"http://scontent-b.cdninstagram.com/hphotos-xaf1/t51.2885-15/914397_1495491587369883_1105358917_n.jpg", "title"=>"gxrobillard_1412723049"}
D, [2014-10-14T09:34:10.793788 #7793] DEBUG -- : Path is tmp/gxrobillard_1412723049.jpg
D, [2014-10-14T09:34:11.697807 #7793] DEBUG -- : Like count is : 7
D, [2014-10-14T09:34:11.698270 #7793] DEBUG -- : Payload is {"caption"=>"Con Los dos Diegos. @timbersfc contra CD Olimpia, Liga de campeones. #rctid", "photo_url"=>"http://scontent-a.cdninstagram.com/hphotos-xaf1/t51.2885-15/10654929_1465814620373387_668183418_n.jpg", "title"=>"gxrobillard_1410929225"}
D, [2014-10-14T09:34:11.997103 #7793] DEBUG -- : Path is tmp/gxrobillard_1410929225.jpg
D, [2014-10-14T09:34:11.997696 #7793] DEBUG -- : Like count is : 4
D, [2014-10-14T09:34:11.998001 #7793] DEBUG -- : Payload is {"caption"=>"Substitute teacher at Sunnyside environmental school, #pdx #lazycanineworkforce", "photo_url"=>"http://scontent-b.cdninstagram.com/hphotos-xaf1/t51.2885-15/10623858_1501302870113678_647527716_n.jpg", "title"=>"gxrobillard_1410820809"}
D, [2014-10-14T09:34:12.372864 #7793] DEBUG -- : Path is tmp/gxrobillard_1410820809.jpg
D, [2014-10-14T09:34:12.373738 #7793] DEBUG -- : Like count is : 5
D, [2014-10-14T09:34:12.374241 #7793] DEBUG -- : Payload is {"caption"=>"The Monstrosity from #brunchbox. 2 patties, 4 slices bacon, with grilled cheese sandwiches as buns. I ate all the animals. #pdx #freegluten", "photo_url"=>"http://scontent-a.cdninstagram.com/hphotos-xaf1/t51.2885-15/10576075_386267374857796_437589966_n.jpg", "title"=>"gxrobillard_1410811854"}
D, [2014-10-14T09:34:12.611904 #7793] DEBUG -- : Path is tmp/gxrobillard_1410811854.jpg
D, [2014-10-14T09:34:12.612669 #7793] DEBUG -- : Like count is : 3
D, [2014-10-14T09:34:12.613021 #7793] DEBUG -- : Payload is {"caption"=>"Downtown Portland, #daymoon", "photo_url"=>"http://scontent-a.cdninstagram.com/hphotos-xaf1/t51.2885-15/10617067_310052389195913_1861998223_n.jpg", "title"=>"gxrobillard_1410531320"}
D, [2014-10-14T09:34:12.810164 #7793] DEBUG -- : Path is tmp/gxrobillard_1410531320.jpg
D, [2014-10-14T09:34:12.810871 #7793] DEBUG -- : Like count is : 4
D, [2014-10-14T09:34:12.811299 #7793] DEBUG -- : Payload is {"caption"=>"\"September 11th is the best day!\" I said to my son, because it's his seventh birthday. So what I'm saying is, fuck terrorism. #peace", "photo_url"=>"http://scontent-b.cdninstagram.com/hphotos-xap1/t51.2885-15/10538733_291279037744184_1200625940_n.jpg", "title"=>"gxrobillard_1410452908"}
D, [2014-10-14T09:34:13.090887 #7793] DEBUG -- : Path is tmp/gxrobillard_1410452908.jpg
D, [2014-10-14T09:34:13.091716 #7793] DEBUG -- : Like count is : 3
D, [2014-10-14T09:34:13.092089 #7793] DEBUG -- : Payload is {"caption"=>"Favorite #pdx coffee shop. Cheap, delicious espresso in a room slightly wider than Instagram.", "photo_url"=>"http://scontent-b.cdninstagram.com/hphotos-xaf1/t51.2885-15/10684005_665517930210322_355875356_n.jpg", "title"=>"gxrobillard_1410290527"}
D, [2014-10-14T09:34:13.419742 #7793] DEBUG -- : Path is tmp/gxrobillard_1410290527.jpg
D, [2014-10-14T09:34:13.420383 #7793] DEBUG -- : Like count is : 2
D, [2014-10-14T09:34:13.420968 #7793] DEBUG -- : Like count is : 2
D, [2014-10-14T09:34:13.421474 #7793] DEBUG -- : Like count is : 0
D, [2014-10-14T09:34:13.421990 #7793] DEBUG -- : Like count is : 2
D, [2014-10-14T09:34:13.422552 #7793] DEBUG -- : Like count is : 4
D, [2014-10-14T09:34:13.422864 #7793] DEBUG -- : Payload is {"caption"=>"Grants Pass #oregon is really into building murals. And bears. And murals of bears.", "photo_url"=>"http://scontent-a.cdninstagram.com/hphotos-xaf1/t51.2885-15/10617180_519620071515293_603996529_n.jpg", "title"=>"gxrobillard_1409627975"}
D, [2014-10-14T09:34:13.714297 #7793] DEBUG -- : Path is tmp/gxrobillard_1409627975.jpg
D, [2014-10-14T09:34:13.714989 #7793] DEBUG -- : Like count is : 1
D, [2014-10-14T09:34:13.715607 #7793] DEBUG -- : Like count is : 4
D, [2014-10-14T09:34:13.715977 #7793] DEBUG -- : Payload is {"caption"=>"Grants Pass, #oregon. Lupitas' burritos destroys anything in Portland. Sorry, Titos.", "photo_url"=>"http://scontent-a.cdninstagram.com/hphotos-xaf1/t51.2885-15/10632375_894652417229765_1072992007_n.jpg", "title"=>"gxrobillard_1409627522"}
D, [2014-10-14T09:34:13.952545 #7793] DEBUG -- : Path is tmp/gxrobillard_1409627522.jpg
D, [2014-10-14T09:34:13.953787 #7793] DEBUG -- : Like count is : 8
D, [2014-10-14T09:34:13.954363 #7793] DEBUG -- : Payload is {"caption"=>"Crater Lake NP. #brothers #oregon", "photo_url"=>"http://scontent-a.cdninstagram.com/hphotos-xaf1/t51.2885-15/10643845_282194951988083_780062849_n.jpg", "title"=>"gxrobillard_1409625646"}
D, [2014-10-14T09:34:14.244200 #7793] DEBUG -- : Path is tmp/gxrobillard_1409625646.jpg
D, [2014-10-14T09:34:14.244767 #7793] DEBUG -- : Like count is : 2
D, [2014-10-14T09:34:14.245213 #7793] DEBUG -- : Like count is : 1
D, [2014-10-14T09:34:14.245612 #7793] DEBUG -- : Like count is : 0
D, [2014-10-14T09:34:14.246101 #7793] DEBUG -- : Like count is : 5
D, [2014-10-14T09:34:14.246395 #7793] DEBUG -- : Payload is {"caption"=>"Nothing but blue! Crater Lake, #oregon", "photo_url"=>"http://scontent-b.cdninstagram.com/hphotos-xaf1/t51.2885-15/10684306_533454846788134_1117450166_n.jpg", "title"=>"gxrobillard_1409624905"}
D, [2014-10-14T09:34:14.559245 #7793] DEBUG -- : Path is tmp/gxrobillard_1409624905.jpg
D, [2014-10-14T09:34:14.559959 #7793] DEBUG -- : Like count is : 5
D, [2014-10-14T09:34:14.560295 #7793] DEBUG -- : Payload is {"caption"=>"Pre-gaming the @timbersfc match at Brunch Box, Stark St food carts, #portland", "photo_url"=>"http://scontent-a.cdninstagram.com/hphotos-xaf1/t51.2885-15/10268742_557497294377189_509310069_n.jpg", "title"=>"gxrobillard_1408931052"}
D, [2014-10-14T09:34:14.811790 #7793] DEBUG -- : Path is tmp/gxrobillard_1408931052.jpg
D, [2014-10-14T09:37:53.237378 #7834] DEBUG -- : making a first attempt
D, [2014-10-14T09:37:53.885116 #7834] DEBUG -- : Like count is : 5
D, [2014-10-14T09:37:53.885663 #7834] DEBUG -- : Payload is {"caption"=>"This is a double barreled sunflower that I made. From a seed, peasants.", "photo_url"=>"http://scontent-b.cdninstagram.com/hphotos-xaf1/t51.2885-15/914397_1495491587369883_1105358917_n.jpg", "title"=>"gxrobillard_1412723049"}
D, [2014-10-14T09:37:54.209054 #7834] DEBUG -- : Path is tmp/gxrobillard_1412723049.jpg
D, [2014-10-14T09:37:55.198556 #7834] DEBUG -- : Like count is : 7
D, [2014-10-14T09:37:55.198945 #7834] DEBUG -- : Payload is {"caption"=>"Con Los dos Diegos. @timbersfc contra CD Olimpia, Liga de campeones. #rctid", "photo_url"=>"http://scontent-a.cdninstagram.com/hphotos-xaf1/t51.2885-15/10654929_1465814620373387_668183418_n.jpg", "title"=>"gxrobillard_1410929225"}
D, [2014-10-14T09:37:55.902961 #7834] DEBUG -- : Path is tmp/gxrobillard_1410929225.jpg
D, [2014-10-14T09:37:55.903713 #7834] DEBUG -- : Like count is : 4
D, [2014-10-14T09:37:55.904105 #7834] DEBUG -- : Payload is {"caption"=>"Substitute teacher at Sunnyside environmental school, #pdx #lazycanineworkforce", "photo_url"=>"http://scontent-b.cdninstagram.com/hphotos-xaf1/t51.2885-15/10623858_1501302870113678_647527716_n.jpg", "title"=>"gxrobillard_1410820809"}
D, [2014-10-14T09:37:56.190819 #7834] DEBUG -- : Path is tmp/gxrobillard_1410820809.jpg
D, [2014-10-14T09:37:56.191631 #7834] DEBUG -- : Like count is : 5
D, [2014-10-14T09:37:56.191938 #7834] DEBUG -- : Payload is {"caption"=>"The Monstrosity from #brunchbox. 2 patties, 4 slices bacon, with grilled cheese sandwiches as buns. I ate all the animals. #pdx #freegluten", "photo_url"=>"http://scontent-a.cdninstagram.com/hphotos-xaf1/t51.2885-15/10576075_386267374857796_437589966_n.jpg", "title"=>"gxrobillard_1410811854"}
D, [2014-10-14T09:37:56.616731 #7834] DEBUG -- : Path is tmp/gxrobillard_1410811854.jpg
D, [2014-10-14T09:37:56.617468 #7834] DEBUG -- : Like count is : 3
D, [2014-10-14T09:37:56.617796 #7834] DEBUG -- : Payload is {"caption"=>"Downtown Portland, #daymoon", "photo_url"=>"http://scontent-a.cdninstagram.com/hphotos-xaf1/t51.2885-15/10617067_310052389195913_1861998223_n.jpg", "title"=>"gxrobillard_1410531320"}
D, [2014-10-14T09:37:57.242955 #7834] DEBUG -- : Path is tmp/gxrobillard_1410531320.jpg
D, [2014-10-14T09:37:57.243607 #7834] DEBUG -- : Like count is : 4
D, [2014-10-14T09:37:57.243996 #7834] DEBUG -- : Payload is {"caption"=>"\"September 11th is the best day!\" I said to my son, because it's his seventh birthday. So what I'm saying is, fuck terrorism. #peace", "photo_url"=>"http://scontent-b.cdninstagram.com/hphotos-xap1/t51.2885-15/10538733_291279037744184_1200625940_n.jpg", "title"=>"gxrobillard_1410452908"}
D, [2014-10-14T09:37:57.585972 #7834] DEBUG -- : Path is tmp/gxrobillard_1410452908.jpg
D, [2014-10-14T09:37:57.586884 #7834] DEBUG -- : Like count is : 3
D, [2014-10-14T09:37:57.587389 #7834] DEBUG -- : Payload is {"caption"=>"Favorite #pdx coffee shop. Cheap, delicious espresso in a room slightly wider than Instagram.", "photo_url"=>"http://scontent-b.cdninstagram.com/hphotos-xaf1/t51.2885-15/10684005_665517930210322_355875356_n.jpg", "title"=>"gxrobillard_1410290527"}
D, [2014-10-14T09:37:57.945049 #7834] DEBUG -- : Path is tmp/gxrobillard_1410290527.jpg
D, [2014-10-14T09:37:57.945548 #7834] DEBUG -- : Like count is : 2
D, [2014-10-14T09:37:57.945979 #7834] DEBUG -- : Like count is : 2
D, [2014-10-14T09:37:57.946361 #7834] DEBUG -- : Like count is : 0
D, [2014-10-14T09:37:57.946867 #7834] DEBUG -- : Like count is : 2
D, [2014-10-14T09:37:57.947319 #7834] DEBUG -- : Like count is : 4
D, [2014-10-14T09:37:57.947617 #7834] DEBUG -- : Payload is {"caption"=>"Grants Pass #oregon is really into building murals. And bears. And murals of bears.", "photo_url"=>"http://scontent-a.cdninstagram.com/hphotos-xaf1/t51.2885-15/10617180_519620071515293_603996529_n.jpg", "title"=>"gxrobillard_1409627975"}
D, [2014-10-14T09:37:58.345956 #7834] DEBUG -- : Path is tmp/gxrobillard_1409627975.jpg
D, [2014-10-14T09:37:58.346679 #7834] DEBUG -- : Like count is : 1
D, [2014-10-14T09:37:58.347178 #7834] DEBUG -- : Like count is : 4
D, [2014-10-14T09:37:58.347473 #7834] DEBUG -- : Payload is {"caption"=>"Grants Pass, #oregon. Lupitas' burritos destroys anything in Portland. Sorry, Titos.", "photo_url"=>"http://scontent-a.cdninstagram.com/hphotos-xaf1/t51.2885-15/10632375_894652417229765_1072992007_n.jpg", "title"=>"gxrobillard_1409627522"}
D, [2014-10-14T09:37:58.850217 #7834] DEBUG -- : Path is tmp/gxrobillard_1409627522.jpg
D, [2014-10-14T09:37:58.850951 #7834] DEBUG -- : Like count is : 8
D, [2014-10-14T09:37:58.851271 #7834] DEBUG -- : Payload is {"caption"=>"Crater Lake NP. #brothers #oregon", "photo_url"=>"http://scontent-a.cdninstagram.com/hphotos-xaf1/t51.2885-15/10643845_282194951988083_780062849_n.jpg", "title"=>"gxrobillard_1409625646"}
D, [2014-10-14T09:37:59.332204 #7834] DEBUG -- : Path is tmp/gxrobillard_1409625646.jpg
D, [2014-10-14T09:37:59.332788 #7834] DEBUG -- : Like count is : 2
D, [2014-10-14T09:37:59.333229 #7834] DEBUG -- : Like count is : 1
D, [2014-10-14T09:37:59.333618 #7834] DEBUG -- : Like count is : 0
D, [2014-10-14T09:37:59.334221 #7834] DEBUG -- : Like count is : 5
D, [2014-10-14T09:37:59.334615 #7834] DEBUG -- : Payload is {"caption"=>"Nothing but blue! Crater Lake, #oregon", "photo_url"=>"http://scontent-b.cdninstagram.com/hphotos-xaf1/t51.2885-15/10684306_533454846788134_1117450166_n.jpg", "title"=>"gxrobillard_1409624905"}
D, [2014-10-14T09:37:59.784084 #7834] DEBUG -- : Path is tmp/gxrobillard_1409624905.jpg
D, [2014-10-14T09:37:59.784895 #7834] DEBUG -- : Like count is : 5
D, [2014-10-14T09:37:59.785232 #7834] DEBUG -- : Payload is {"caption"=>"Pre-gaming the @timbersfc match at Brunch Box, Stark St food carts, #portland", "photo_url"=>"http://scontent-a.cdninstagram.com/hphotos-xaf1/t51.2885-15/10268742_557497294377189_509310069_n.jpg", "title"=>"gxrobillard_1408931052"}
D, [2014-10-14T09:38:00.142739 #7834] DEBUG -- : Path is tmp/gxrobillard_1408931052.jpg
D, [2014-10-14T09:39:39.180987 #7849] DEBUG -- : making a first attempt
D, [2014-10-14T09:39:40.336084 #7849] DEBUG -- : Like count is : 5
D, [2014-10-14T09:39:40.336580 #7849] DEBUG -- : Payload is {"caption"=>"This is a double barreled sunflower that I made. From a seed, peasants.", "photo_url"=>"http://scontent-b.cdninstagram.com/hphotos-xaf1/t51.2885-15/914397_1495491587369883_1105358917_n.jpg", "title"=>"gxrobillard_1412723049"}
D, [2014-10-14T09:39:40.659171 #7849] DEBUG -- : dir is /Users/gregrobillard/script/lemonade/lib
D, [2014-10-14T09:39:40.659576 #7849] DEBUG -- : Path is tmp/gxrobillard_1412723049.jpg
D, [2014-10-14T09:39:41.565141 #7849] DEBUG -- : Like count is : 7
D, [2014-10-14T09:39:41.565582 #7849] DEBUG -- : Payload is {"caption"=>"Con Los dos Diegos. @timbersfc contra CD Olimpia, Liga de campeones. #rctid", "photo_url"=>"http://scontent-a.cdninstagram.com/hphotos-xaf1/t51.2885-15/10654929_1465814620373387_668183418_n.jpg", "title"=>"gxrobillard_1410929225"}
D, [2014-10-14T09:39:46.167416 #7849] DEBUG -- : dir is /Users/gregrobillard/script/lemonade/lib
D, [2014-10-14T09:39:46.167862 #7849] DEBUG -- : Path is tmp/gxrobillard_1410929225.jpg
D, [2014-10-14T09:39:46.168550 #7849] DEBUG -- : Like count is : 4
D, [2014-10-14T09:39:46.168866 #7849] DEBUG -- : Payload is {"caption"=>"Substitute teacher at Sunnyside environmental school, #pdx #lazycanineworkforce", "photo_url"=>"http://scontent-b.cdninstagram.com/hphotos-xaf1/t51.2885-15/10623858_1501302870113678_647527716_n.jpg", "title"=>"gxrobillard_1410820809"}
D, [2014-10-14T09:39:46.458961 #7849] DEBUG -- : dir is /Users/gregrobillard/script/lemonade/lib
D, [2014-10-14T09:39:46.459453 #7849] DEBUG -- : Path is tmp/gxrobillard_1410820809.jpg
D, [2014-10-14T09:39:46.459932 #7849] DEBUG -- : Like count is : 5
D, [2014-10-14T09:39:46.460223 #7849] DEBUG -- : Payload is {"caption"=>"The Monstrosity from #brunchbox. 2 patties, 4 slices bacon, with grilled cheese sandwiches as buns. I ate all the animals. #pdx #freegluten", "photo_url"=>"http://scontent-a.cdninstagram.com/hphotos-xaf1/t51.2885-15/10576075_386267374857796_437589966_n.jpg", "title"=>"gxrobillard_1410811854"}
D, [2014-10-14T09:39:46.701954 #7849] DEBUG -- : dir is /Users/gregrobillard/script/lemonade/lib
D, [2014-10-14T09:39:46.702311 #7849] DEBUG -- : Path is tmp/gxrobillard_1410811854.jpg
D, [2014-10-14T09:39:46.702771 #7849] DEBUG -- : Like count is : 3
D, [2014-10-14T09:39:46.703057 #7849] DEBUG -- : Payload is {"caption"=>"Downtown Portland, #daymoon", "photo_url"=>"http://scontent-a.cdninstagram.com/hphotos-xaf1/t51.2885-15/10617067_310052389195913_1861998223_n.jpg", "title"=>"gxrobillard_1410531320"}
D, [2014-10-14T09:39:46.895122 #7849] DEBUG -- : dir is /Users/gregrobillard/script/lemonade/lib
D, [2014-10-14T09:39:46.895718 #7849] DEBUG -- : Path is tmp/gxrobillard_1410531320.jpg
D, [2014-10-14T09:39:46.896421 #7849] DEBUG -- : Like count is : 4
D, [2014-10-14T09:39:46.896812 #7849] DEBUG -- : Payload is {"caption"=>"\"September 11th is the best day!\" I said to my son, because it's his seventh birthday. So what I'm saying is, fuck terrorism. #peace", "photo_url"=>"http://scontent-b.cdninstagram.com/hphotos-xap1/t51.2885-15/10538733_291279037744184_1200625940_n.jpg", "title"=>"gxrobillard_1410452908"}
D, [2014-10-14T09:39:47.214234 #7849] DEBUG -- : dir is /Users/gregrobillard/script/lemonade/lib
D, [2014-10-14T09:39:47.214604 #7849] DEBUG -- : Path is tmp/gxrobillard_1410452908.jpg
D, [2014-10-14T09:39:47.215216 #7849] DEBUG -- : Like count is : 3
D, [2014-10-14T09:39:47.215519 #7849] DEBUG -- : Payload is {"caption"=>"Favorite #pdx coffee shop. Cheap, delicious espresso in a room slightly wider than Instagram.", "photo_url"=>"http://scontent-b.cdninstagram.com/hphotos-xaf1/t51.2885-15/10684005_665517930210322_355875356_n.jpg", "title"=>"gxrobillard_1410290527"}
D, [2014-10-14T09:39:47.511714 #7849] DEBUG -- : dir is /Users/gregrobillard/script/lemonade/lib
D, [2014-10-14T09:39:47.512110 #7849] DEBUG -- : Path is tmp/gxrobillard_1410290527.jpg
D, [2014-10-14T09:39:47.512758 #7849] DEBUG -- : Like count is : 2
D, [2014-10-14T09:39:47.513406 #7849] DEBUG -- : Like count is : 2
D, [2014-10-14T09:39:47.513884 #7849] DEBUG -- : Like count is : 0
D, [2014-10-14T09:39:47.514404 #7849] DEBUG -- : Like count is : 2
D, [2014-10-14T09:39:47.514919 #7849] DEBUG -- : Like count is : 4
D, [2014-10-14T09:39:47.515230 #7849] DEBUG -- : Payload is {"caption"=>"Grants Pass #oregon is really into building murals. And bears. And murals of bears.", "photo_url"=>"http://scontent-a.cdninstagram.com/hphotos-xaf1/t51.2885-15/10617180_519620071515293_603996529_n.jpg", "title"=>"gxrobillard_1409627975"}
D, [2014-10-14T09:39:47.754002 #7849] DEBUG -- : dir is /Users/gregrobillard/script/lemonade/lib
D, [2014-10-14T09:39:47.754339 #7849] DEBUG -- : Path is tmp/gxrobillard_1409627975.jpg
D, [2014-10-14T09:39:47.754879 #7849] DEBUG -- : Like count is : 1
D, [2014-10-14T09:39:47.755366 #7849] DEBUG -- : Like count is : 4
D, [2014-10-14T09:39:47.755726 #7849] DEBUG -- : Payload is {"caption"=>"Grants Pass, #oregon. Lupitas' burritos destroys anything in Portland. Sorry, Titos.", "photo_url"=>"http://scontent-a.cdninstagram.com/hphotos-xaf1/t51.2885-15/10632375_894652417229765_1072992007_n.jpg", "title"=>"gxrobillard_1409627522"}
D, [2014-10-14T09:39:47.996032 #7849] DEBUG -- : dir is /Users/gregrobillard/script/lemonade/lib
D, [2014-10-14T09:39:47.996390 #7849] DEBUG -- : Path is tmp/gxrobillard_1409627522.jpg
D, [2014-10-14T09:39:47.996863 #7849] DEBUG -- : Like count is : 8
D, [2014-10-14T09:39:47.997148 #7849] DEBUG -- : Payload is {"caption"=>"Crater Lake NP. #brothers #oregon", "photo_url"=>"http://scontent-a.cdninstagram.com/hphotos-xaf1/t51.2885-15/10643845_282194951988083_780062849_n.jpg", "title"=>"gxrobillard_1409625646"}
D, [2014-10-14T09:39:48.323077 #7849] DEBUG -- : dir is /Users/gregrobillard/script/lemonade/lib
D, [2014-10-14T09:39:48.323440 #7849] DEBUG -- : Path is tmp/gxrobillard_1409625646.jpg
D, [2014-10-14T09:39:48.323963 #7849] DEBUG -- : Like count is : 2
D, [2014-10-14T09:39:48.324406 #7849] DEBUG -- : Like count is : 1
D, [2014-10-14T09:39:48.324848 #7849] DEBUG -- : Like count is : 0
D, [2014-10-14T09:39:48.325313 #7849] DEBUG -- : Like count is : 5
D, [2014-10-14T09:39:48.325598 #7849] DEBUG -- : Payload is {"caption"=>"Nothing but blue! Crater Lake, #oregon", "photo_url"=>"http://scontent-b.cdninstagram.com/hphotos-xaf1/t51.2885-15/10684306_533454846788134_1117450166_n.jpg", "title"=>"gxrobillard_1409624905"}
D, [2014-10-14T09:39:48.661838 #7849] DEBUG -- : dir is /Users/gregrobillard/script/lemonade/lib
D, [2014-10-14T09:39:48.662283 #7849] DEBUG -- : Path is tmp/gxrobillard_1409624905.jpg
D, [2014-10-14T09:39:48.662846 #7849] DEBUG -- : Like count is : 5
D, [2014-10-14T09:39:48.663143 #7849] DEBUG -- : Payload is {"caption"=>"Pre-gaming the @timbersfc match at Brunch Box, Stark St food carts, #portland", "photo_url"=>"http://scontent-a.cdninstagram.com/hphotos-xaf1/t51.2885-15/10268742_557497294377189_509310069_n.jpg", "title"=>"gxrobillard_1408931052"}
D, [2014-10-14T09:39:48.916354 #7849] DEBUG -- : dir is /Users/gregrobillard/script/lemonade/lib
D, [2014-10-14T09:39:48.916747 #7849] DEBUG -- : Path is tmp/gxrobillard_1408931052.jpg
D, [2014-10-14T09:43:03.368162 #7891] DEBUG -- : making a first attempt
D, [2014-10-14T09:43:04.532580 #7891] DEBUG -- : Like count is : 5
D, [2014-10-14T09:43:04.532976 #7891] DEBUG -- : Payload is {"caption"=>"This is a double barreled sunflower that I made. From a seed, peasants.", "photo_url"=>"http://scontent-b.cdninstagram.com/hphotos-xaf1/t51.2885-15/914397_1495491587369883_1105358917_n.jpg", "title"=>"gxrobillard_1412723049"}
D, [2014-10-14T09:43:04.950112 #7891] DEBUG -- : uri is http://scontent-b.cdninstagram.com/hphotos-xaf1/t51.2885-15/914397_1495491587369883_1105358917_n.jpg
D, [2014-10-14T09:43:04.950471 #7891] DEBUG -- : Path is /Users/gregrobillard/script/lemonade/lib/tmp/gxrobillard_1412723049.jpg
D, [2014-10-14T09:43:05.470722 #7891] DEBUG -- : Like count is : 7
D, [2014-10-14T09:43:05.471258 #7891] DEBUG -- : Payload is {"caption"=>"Con Los dos Diegos. @timbersfc contra CD Olimpia, Liga de campeones. #rctid", "photo_url"=>"http://scontent-a.cdninstagram.com/hphotos-xaf1/t51.2885-15/10654929_1465814620373387_668183418_n.jpg", "title"=>"gxrobillard_1410929225"}
D, [2014-10-14T09:43:05.913074 #7891] DEBUG -- : uri is http://scontent-a.cdninstagram.com/hphotos-xaf1/t51.2885-15/10654929_1465814620373387_668183418_n.jpg
D, [2014-10-14T09:43:05.913454 #7891] DEBUG -- : Path is /Users/gregrobillard/script/lemonade/lib/tmp/gxrobillard_1410929225.jpg
D, [2014-10-14T09:43:05.914175 #7891] DEBUG -- : Like count is : 4
D, [2014-10-14T09:43:05.914489 #7891] DEBUG -- : Payload is {"caption"=>"Substitute teacher at Sunnyside environmental school, #pdx #lazycanineworkforce", "photo_url"=>"http://scontent-b.cdninstagram.com/hphotos-xaf1/t51.2885-15/10623858_1501302870113678_647527716_n.jpg", "title"=>"gxrobillard_1410820809"}
D, [2014-10-14T09:43:06.296011 #7891] DEBUG -- : uri is http://scontent-b.cdninstagram.com/hphotos-xaf1/t51.2885-15/10623858_1501302870113678_647527716_n.jpg
D, [2014-10-14T09:43:06.296400 #7891] DEBUG -- : Path is /Users/gregrobillard/script/lemonade/lib/tmp/gxrobillard_1410820809.jpg
D, [2014-10-14T09:43:06.296866 #7891] DEBUG -- : Like count is : 5
D, [2014-10-14T09:43:06.297156 #7891] DEBUG -- : Payload is {"caption"=>"The Monstrosity from #brunchbox. 2 patties, 4 slices bacon, with grilled cheese sandwiches as buns. I ate all the animals. #pdx #freegluten", "photo_url"=>"http://scontent-a.cdninstagram.com/hphotos-xaf1/t51.2885-15/10576075_386267374857796_437589966_n.jpg", "title"=>"gxrobillard_1410811854"}
D, [2014-10-14T09:43:06.914842 #7891] DEBUG -- : uri is http://scontent-a.cdninstagram.com/hphotos-xaf1/t51.2885-15/10576075_386267374857796_437589966_n.jpg
D, [2014-10-14T09:43:06.915289 #7891] DEBUG -- : Path is /Users/gregrobillard/script/lemonade/lib/tmp/gxrobillard_1410811854.jpg
D, [2014-10-14T09:43:06.915743 #7891] DEBUG -- : Like count is : 3
D, [2014-10-14T09:43:06.916030 #7891] DEBUG -- : Payload is {"caption"=>"Downtown Portland, #daymoon", "photo_url"=>"http://scontent-a.cdninstagram.com/hphotos-xaf1/t51.2885-15/10617067_310052389195913_1861998223_n.jpg", "title"=>"gxrobillard_1410531320"}
D, [2014-10-14T09:43:07.390644 #7891] DEBUG -- : uri is http://scontent-a.cdninstagram.com/hphotos-xaf1/t51.2885-15/10617067_310052389195913_1861998223_n.jpg
D, [2014-10-14T09:43:07.391084 #7891] DEBUG -- : Path is /Users/gregrobillard/script/lemonade/lib/tmp/gxrobillard_1410531320.jpg
D, [2014-10-14T09:43:07.391584 #7891] DEBUG -- : Like count is : 4
D, [2014-10-14T09:43:07.391878 #7891] DEBUG -- : Payload is {"caption"=>"\"September 11th is the best day!\" I said to my son, because it's his seventh birthday. So what I'm saying is, fuck terrorism. #peace", "photo_url"=>"http://scontent-b.cdninstagram.com/hphotos-xap1/t51.2885-15/10538733_291279037744184_1200625940_n.jpg", "title"=>"gxrobillard_1410452908"}
D, [2014-10-14T09:43:07.831330 #7891] DEBUG -- : uri is http://scontent-b.cdninstagram.com/hphotos-xap1/t51.2885-15/10538733_291279037744184_1200625940_n.jpg
D, [2014-10-14T09:43:07.831769 #7891] DEBUG -- : Path is /Users/gregrobillard/script/lemonade/lib/tmp/gxrobillard_1410452908.jpg
D, [2014-10-14T09:43:07.832403 #7891] DEBUG -- : Like count is : 3
D, [2014-10-14T09:43:07.832723 #7891] DEBUG -- : Payload is {"caption"=>"Favorite #pdx coffee shop. Cheap, delicious espresso in a room slightly wider than Instagram.", "photo_url"=>"http://scontent-b.cdninstagram.com/hphotos-xaf1/t51.2885-15/10684005_665517930210322_355875356_n.jpg", "title"=>"gxrobillard_1410290527"}
D, [2014-10-14T09:43:08.310004 #7891] DEBUG -- : uri is http://scontent-b.cdninstagram.com/hphotos-xaf1/t51.2885-15/10684005_665517930210322_355875356_n.jpg
D, [2014-10-14T09:43:08.310401 #7891] DEBUG -- : Path is /Users/gregrobillard/script/lemonade/lib/tmp/gxrobillard_1410290527.jpg
D, [2014-10-14T09:43:08.310971 #7891] DEBUG -- : Like count is : 2
D, [2014-10-14T09:43:08.311579 #7891] DEBUG -- : Like count is : 2
D, [2014-10-14T09:43:08.312125 #7891] DEBUG -- : Like count is : 0
D, [2014-10-14T09:43:08.312645 #7891] DEBUG -- : Like count is : 2
D, [2014-10-14T09:43:08.313232 #7891] DEBUG -- : Like count is : 4
D, [2014-10-14T09:43:08.313540 #7891] DEBUG -- : Payload is {"caption"=>"Grants Pass #oregon is really into building murals. And bears. And murals of bears.", "photo_url"=>"http://scontent-a.cdninstagram.com/hphotos-xaf1/t51.2885-15/10617180_519620071515293_603996529_n.jpg", "title"=>"gxrobillard_1409627975"}
D, [2014-10-14T09:43:08.708524 #7891] DEBUG -- : uri is http://scontent-a.cdninstagram.com/hphotos-xaf1/t51.2885-15/10617180_519620071515293_603996529_n.jpg
D, [2014-10-14T09:43:08.708930 #7891] DEBUG -- : Path is /Users/gregrobillard/script/lemonade/lib/tmp/gxrobillard_1409627975.jpg
D, [2014-10-14T09:43:08.709376 #7891] DEBUG -- : Like count is : 1
D, [2014-10-14T09:43:08.709867 #7891] DEBUG -- : Like count is : 4
D, [2014-10-14T09:43:08.710154 #7891] DEBUG -- : Payload is {"caption"=>"Grants Pass, #oregon. Lupitas' burritos destroys anything in Portland. Sorry, Titos.", "photo_url"=>"http://scontent-a.cdninstagram.com/hphotos-xaf1/t51.2885-15/10632375_894652417229765_1072992007_n.jpg", "title"=>"gxrobillard_1409627522"}
D, [2014-10-14T09:43:09.111673 #7891] DEBUG -- : uri is http://scontent-a.cdninstagram.com/hphotos-xaf1/t51.2885-15/10632375_894652417229765_1072992007_n.jpg
D, [2014-10-14T09:43:09.112097 #7891] DEBUG -- : Path is /Users/gregrobillard/script/lemonade/lib/tmp/gxrobillard_1409627522.jpg
D, [2014-10-14T09:43:09.112785 #7891] DEBUG -- : Like count is : 8
D, [2014-10-14T09:43:09.113099 #7891] DEBUG -- : Payload is {"caption"=>"Crater Lake NP. #brothers #oregon", "photo_url"=>"http://scontent-a.cdninstagram.com/hphotos-xaf1/t51.2885-15/10643845_282194951988083_780062849_n.jpg", "title"=>"gxrobillard_1409625646"}
D, [2014-10-14T09:43:09.722618 #7891] DEBUG -- : uri is http://scontent-a.cdninstagram.com/hphotos-xaf1/t51.2885-15/10643845_282194951988083_780062849_n.jpg
D, [2014-10-14T09:43:09.723038 #7891] DEBUG -- : Path is /Users/gregrobillard/script/lemonade/lib/tmp/gxrobillard_1409625646.jpg
D, [2014-10-14T09:43:09.723721 #7891] DEBUG -- : Like count is : 2
D, [2014-10-14T09:43:09.724269 #7891] DEBUG -- : Like count is : 1
D, [2014-10-14T09:43:09.724789 #7891] DEBUG -- : Like count is : 0
D, [2014-10-14T09:43:09.725330 #7891] DEBUG -- : Like count is : 5
D, [2014-10-14T09:43:09.725648 #7891] DEBUG -- : Payload is {"caption"=>"Nothing but blue! Crater Lake, #oregon", "photo_url"=>"http://scontent-b.cdninstagram.com/hphotos-xaf1/t51.2885-15/10684306_533454846788134_1117450166_n.jpg", "title"=>"gxrobillard_1409624905"}
D, [2014-10-14T09:43:10.263029 #7891] DEBUG -- : uri is http://scontent-b.cdninstagram.com/hphotos-xaf1/t51.2885-15/10684306_533454846788134_1117450166_n.jpg
D, [2014-10-14T09:43:10.263388 #7891] DEBUG -- : Path is /Users/gregrobillard/script/lemonade/lib/tmp/gxrobillard_1409624905.jpg
D, [2014-10-14T09:43:10.263876 #7891] DEBUG -- : Like count is : 5
D, [2014-10-14T09:43:10.264166 #7891] DEBUG -- : Payload is {"caption"=>"Pre-gaming the @timbersfc match at Brunch Box, Stark St food carts, #portland", "photo_url"=>"http://scontent-a.cdninstagram.com/hphotos-xaf1/t51.2885-15/10268742_557497294377189_509310069_n.jpg", "title"=>"gxrobillard_1408931052"}
D, [2014-10-14T09:43:10.742421 #7891] DEBUG -- : uri is http://scontent-a.cdninstagram.com/hphotos-xaf1/t51.2885-15/10268742_557497294377189_509310069_n.jpg
D, [2014-10-14T09:43:10.742809 #7891] DEBUG -- : Path is /Users/gregrobillard/script/lemonade/lib/tmp/gxrobillard_1408931052.jpg
